I_BT1173: LOG file is generated. (ave16.LOG.gz)
I_BT1921: License has been successfully obtained by FLEXlm.
I_BT2619: Synthesize in ASIC mode.
I_BT6773: The BLIB and FLIB files are loaded.
	/proj/cad/cwb-6.1/packages/asic_45.BLIB
	/proj/cad/cwb-6.1/packages/asic_45.FLIB
I_BT4169: All signals are synthesized as ascending bit-order because all declared signals are of ascending bit-order.
I_BT4874: for loop is unrolled at every 8 iterations
	[Source Lines]
	39(../benchmarks/ave16/ave16.c):       for (i= 1; i< SIZE; i++) { 	
W_BT4865: The synthesis will not be a good result because the divided array (data) is accessed by variable.
 [Action] Change all access of array to constant, or add 'array_div=NO' attribute to the array, or use '-Zarray_div=NO' option to disable synthesis function of array dividing.
W_BT1320: Unused input variable 'in0'.
 [Action] Access to input variable or delete it.
W_BT1320: Unused input variable 'in0'.
 [Action] Access to input variable or delete it.
I_BT8371: Height of operation tree has been reduced.
	[Source Lines]
	40(../benchmarks/ave16/ave16.c):             sum += data[i]; 	
I_BT4383: Generate memory library file / memory constraint file.
	ave16-auto.MLIB
	ave16-auto.MCNT
I_BT4392: No arithmetic macro functional unit required.
I_BT4398: The empty FLIB file generated since additional functional units are not required.
I_BT4319: Empty FLIB file (ave16-amacro-auto.FLIB) generated. No functional units required.
 [Action] If required, confirm the description.
I_BT4318: Empty FCNT file (ave16-amacro-auto.FCNT) generated. No functional units required.
 [Action] If required, confirm the description.
I_BT4382: Generate functional unit library files / functional unit constraint files.
	ave16-auto.FLIB
	ave16-auto.FCNT
	ave16-amacro-auto.FLIB
	ave16-amacro-auto.FCNT
I_BT4392: No arithmetic macro functional unit required.
W_BT2751: No information about memory area in MLIB file.
 [Action] Add area information to MLIB file using MLIBgen.
I_BT5712: Port in0 is not used, but do not delete it.
I_BT1190: The following ERROR/WARNING/INFO/TIPS exist.
	 4 warning      exist
	15 information  exist
	---> SEE ave16.err FILE for DETAILS
