I_BT1173: LOG file is generated. (decimation.LOG.gz)
I_BT1921: License has been successfully obtained by FLEXlm.
I_BT2619: Synthesize in ASIC mode.
I_BT6773: The BLIB and FLIB files are loaded.
	/proj/cad/cwb-6.1/packages/asic_45.BLIB
	/proj/cad/cwb-6.1/packages/asic_45.FLIB
I_BT4146: All signals are synthesized as descending bit-order because all declared signals are of descending bit-order.
I_BT4607: for loop is unrolled
	[Source Lines]
	113(../../../../Documents/benchmarks/decimation_filter/decimation.c):      for (x = 0; x < TAPS_STAGE1; x++) {
I_BT4607: for loop is unrolled
	[Source Lines]
	117(../../../../Documents/benchmarks/decimation_filter/decimation.c):      for (x = 0; x < TAPS_STAGE2; x++) {
I_BT4607: for loop is unrolled
	[Source Lines]
	121(../../../../Documents/benchmarks/decimation_filter/decimation.c):      for (x = 0; x < TAPS_STAGE3; x++) {
I_BT4607: for loop is unrolled
	[Source Lines]
	125(../../../../Documents/benchmarks/decimation_filter/decimation.c):      for (x = 0; x < TAPS_STAGE4; x++) {
I_BT4607: for loop is unrolled
	[Source Lines]
	129(../../../../Documents/benchmarks/decimation_filter/decimation.c):      for (x = 0; x < TAPS_STAGE5; x++) {
I_BT4607: for loop is unrolled
	[Source Lines]
	144(../../../../Documents/benchmarks/decimation_filter/decimation.c):   for( x = BUFFER_SIZE_STAGE1-1; x > 0; x--) {
I_BT4874: for loop is unrolled at every 2 iterations
	[Source Lines]
	153(../../../../Documents/benchmarks/decimation_filter/decimation.c):   for (x = 0; x < TAPS_STAGE1; x++) {
I_BT4874: for loop is unrolled at every 4 iterations
	[Source Lines]
	181(../../../../Documents/benchmarks/decimation_filter/decimation.c):   for(x =  BUFFER_SIZE_STAGE2-1; x > 0; x--) {
I_BT4607: for loop is unrolled
	[Source Lines]
	221(../../../../Documents/benchmarks/decimation_filter/decimation.c):   for(x = BUFFER_SIZE_STAGE3-1; x > 0; x--) {
I_BT4607: for loop is unrolled
	[Source Lines]
	259(../../../../Documents/benchmarks/decimation_filter/decimation.c):   for(x = BUFFER_SIZE_STAGE4-1; x > 0; x--) {
I_BT4607: for loop is unrolled
	[Source Lines]
	298(../../../../Documents/benchmarks/decimation_filter/decimation.c):   for(x = BUFFER_SIZE_STAGE5-1; x > 0; x--) {
W_BT4865: The synthesis will not be a good result because the divided array (bufferline_1) is accessed by variable.
 [Action] Change all access of array to constant, or add 'array_div=NO' attribute to the array, or use '-Zarray_div=NO' option to disable synthesis function of array dividing.
W_BT8105: Possible reference to signal 'in_stage_2' before assignment.
 [Action] Initialize signal 'in_stage_2'.
	[Source Lines]
	60(../../../../Documents/benchmarks/decimation_filter/decimation.c):   var(18..0) in_stage_2;
	[Source Lines]
	184(../../../../Documents/benchmarks/decimation_filter/decimation.c):   bufferline_2[0] = in_stage_2;
W_BT8105: Possible reference to signal 'in_stage_3' before assignment.
 [Action] Initialize signal 'in_stage_3'.
	[Source Lines]
	67(../../../../Documents/benchmarks/decimation_filter/decimation.c):   var(18..0) in_stage_3;
	[Source Lines]
	224(../../../../Documents/benchmarks/decimation_filter/decimation.c):   bufferline_3[0] = in_stage_3;
W_BT8105: Possible reference to signal 'in_stage_4' before assignment.
 [Action] Initialize signal 'in_stage_4'.
	[Source Lines]
	74(../../../../Documents/benchmarks/decimation_filter/decimation.c):   var(18..0) in_stage_4;
	[Source Lines]
	262(../../../../Documents/benchmarks/decimation_filter/decimation.c):   bufferline_4[0] = in_stage_4;
W_BT8105: Possible reference to signal 'in_stage_5' before assignment.
 [Action] Initialize signal 'in_stage_5'.
	[Source Lines]
	81(../../../../Documents/benchmarks/decimation_filter/decimation.c):   var(18..0) in_stage_5;
	[Source Lines]
	301(../../../../Documents/benchmarks/decimation_filter/decimation.c):   bufferline_5[0] = in_stage_5;
W_BT1323: out variable odata is not used in assignment destination.
 [Action] Rewrite the correct description so that out variable is used in assignment destination.
W_BT4127: Change the physical type of signal(incoef1) to var.
I_BT4679: Array incoef1 was expanded.
W_BT4127: Change the physical type of signal(incoef2) to var.
I_BT4679: Array incoef2 was expanded.
W_BT4127: Change the physical type of signal(incoef3) to var.
I_BT4679: Array incoef3 was expanded.
W_BT4127: Change the physical type of signal(incoef4) to var.
I_BT4679: Array incoef4 was expanded.
W_BT4127: Change the physical type of signal(incoef5) to var.
I_BT4679: Array incoef5 was expanded.
I_BT4679: Array incoef2_var was expanded.
I_BT4679: Array incoef3_var was expanded.
I_BT4679: Array incoef4_var was expanded.
I_BT4679: Array incoef5_var was expanded.
I_BT4679: Array bufferline_3 was expanded.
I_BT4679: Array bufferline_4 was expanded.
I_BT4679: Array bufferline_5 was expanded.
I_BT4679: Array bufferline_2_0 was expanded.
I_BT4679: Array bufferline_2_1 was expanded.
I_BT4679: Array bufferline_2_2 was expanded.
I_BT4679: Array bufferline_2_3 was expanded.
W_BT1323: out variable odata is not used in assignment destination.
 [Action] Rewrite the correct description so that out variable is used in assignment destination.
W_BT1323: out variable odata is not used in assignment destination.
 [Action] Rewrite the correct description so that out variable is used in assignment destination.
I_BT5514: 2 address decoders (R1,W1) to access to array signal 'incoef1_var_0'.
	[Source Lines]
	88(../../../../Documents/benchmarks/decimation_filter/decimation.c):  var(16..0) incoef1_var[TAPS_STAGE1] ;
I_BT5514: 2 address decoders (R1,W1) to access to array signal 'incoef1_var_1'.
	[Source Lines]
	88(../../../../Documents/benchmarks/decimation_filter/decimation.c):  var(16..0) incoef1_var[TAPS_STAGE1] ;
I_BT5514: 7 address decoders (R6,W1) to access to array signal 'bufferline_1_0'.
	[Source Lines]
	100(../../../../Documents/benchmarks/decimation_filter/decimation.c):  var(18..0) bufferline_1[7];
I_BT5514: 7 address decoders (R6,W1) to access to array signal 'bufferline_1_1'.
	[Source Lines]
	100(../../../../Documents/benchmarks/decimation_filter/decimation.c):  var(18..0) bufferline_1[7];
W_BT8766: Removed unreferenced assignment to variable 'x1'.
 [Action] Remove the assignment.
	[Source Lines]
	86(../../../../Documents/benchmarks/decimation_filter/decimation.c):  unsigned int x=0;
W_BT8766: Removed unreferenced assignment to variable 'incoef2_var_a00'.
 [Action] Remove the assignment.
	[Source Lines]
	118(../../../../Documents/benchmarks/decimation_filter/decimation.c):        incoef2_var[x] = incoef2[x];
W_BT8766: Removed unreferenced assignment to variable 'incoef2_var_a01'.
 [Action] Remove the assignment.
	[Source Lines]
	118(../../../../Documents/benchmarks/decimation_filter/decimation.c):        incoef2_var[x] = incoef2[x];
W_BT8766: Removed unreferenced assignment to variable 'incoef2_var_a02'.
 [Action] Remove the assignment.
	[Source Lines]
	118(../../../../Documents/benchmarks/decimation_filter/decimation.c):        incoef2_var[x] = incoef2[x];
W_BT8766: Removed unreferenced assignment to variable 'incoef2_var_a03'.
 [Action] Remove the assignment.
	[Source Lines]
	118(../../../../Documents/benchmarks/decimation_filter/decimation.c):        incoef2_var[x] = incoef2[x];
W_BT8766: Removed unreferenced assignment to variable 'incoef3_var_a00'.
 [Action] Remove the assignment.
	[Source Lines]
	122(../../../../Documents/benchmarks/decimation_filter/decimation.c):        incoef3_var[x] = incoef3[x];
W_BT8766: Removed unreferenced assignment to variable 'incoef3_var_a01'.
 [Action] Remove the assignment.
	[Source Lines]
	122(../../../../Documents/benchmarks/decimation_filter/decimation.c):        incoef3_var[x] = incoef3[x];
W_BT8766: Removed unreferenced assignment to variable 'incoef3_var_a02'.
 [Action] Remove the assignment.
	[Source Lines]
	122(../../../../Documents/benchmarks/decimation_filter/decimation.c):        incoef3_var[x] = incoef3[x];
W_BT8766: Removed unreferenced assignment to variable 'incoef3_var_a03'.
 [Action] Remove the assignment.
	[Source Lines]
	122(../../../../Documents/benchmarks/decimation_filter/decimation.c):        incoef3_var[x] = incoef3[x];
W_BT8766: Removed unreferenced assignment to variable 'incoef4_var_a00'.
 [Action] Remove the assignment.
	[Source Lines]
	126(../../../../Documents/benchmarks/decimation_filter/decimation.c):        incoef4_var[x] = incoef4[x];
W_BT8766: Removed unreferenced assignment to variable 'incoef4_var_a01'.
 [Action] Remove the assignment.
	[Source Lines]
	126(../../../../Documents/benchmarks/decimation_filter/decimation.c):        incoef4_var[x] = incoef4[x];
W_BT8766: Removed unreferenced assignment to variable 'incoef4_var_a02'.
 [Action] Remove the assignment.
	[Source Lines]
	126(../../../../Documents/benchmarks/decimation_filter/decimation.c):        incoef4_var[x] = incoef4[x];
W_BT8766: Removed unreferenced assignment to variable 'incoef4_var_a03'.
 [Action] Remove the assignment.
	[Source Lines]
	126(../../../../Documents/benchmarks/decimation_filter/decimation.c):        incoef4_var[x] = incoef4[x];
W_BT8766: Removed unreferenced assignment to variable 'incoef4_var_a04'.
 [Action] Remove the assignment.
	[Source Lines]
	126(../../../../Documents/benchmarks/decimation_filter/decimation.c):        incoef4_var[x] = incoef4[x];
W_BT8766: Removed unreferenced assignment to variable 'incoef4_var_a05'.
 [Action] Remove the assignment.
	[Source Lines]
	126(../../../../Documents/benchmarks/decimation_filter/decimation.c):        incoef4_var[x] = incoef4[x];
W_BT8766: Removed unreferenced assignment to variable 'incoef5_var_a00'.
 [Action] Remove the assignment.
	[Source Lines]
	130(../../../../Documents/benchmarks/decimation_filter/decimation.c):        incoef5_var[x] = incoef5[x];
W_BT8766: Removed unreferenced assignment to variable 'incoef5_var_a01'.
 [Action] Remove the assignment.
	[Source Lines]
	130(../../../../Documents/benchmarks/decimation_filter/decimation.c):        incoef5_var[x] = incoef5[x];
W_BT8766: Removed unreferenced assignment to variable 'incoef5_var_a02'.
 [Action] Remove the assignment.
	[Source Lines]
	130(../../../../Documents/benchmarks/decimation_filter/decimation.c):        incoef5_var[x] = incoef5[x];
W_BT8766: Removed unreferenced assignment to variable 'incoef5_var_a03'.
 [Action] Remove the assignment.
	[Source Lines]
	130(../../../../Documents/benchmarks/decimation_filter/decimation.c):        incoef5_var[x] = incoef5[x];
W_BT8766: Removed unreferenced assignment to variable 'incoef5_var_a04'.
 [Action] Remove the assignment.
	[Source Lines]
	130(../../../../Documents/benchmarks/decimation_filter/decimation.c):        incoef5_var[x] = incoef5[x];
W_BT8766: Removed unreferenced assignment to variable 'incoef5_var_a05'.
 [Action] Remove the assignment.
	[Source Lines]
	130(../../../../Documents/benchmarks/decimation_filter/decimation.c):        incoef5_var[x] = incoef5[x];
W_BT8766: Removed unreferenced assignment to variable 'incoef5_var_a06'.
 [Action] Remove the assignment.
	[Source Lines]
	130(../../../../Documents/benchmarks/decimation_filter/decimation.c):        incoef5_var[x] = incoef5[x];
W_BT8766: Removed unreferenced assignment to variable 'incoef5_var_a07'.
 [Action] Remove the assignment.
	[Source Lines]
	130(../../../../Documents/benchmarks/decimation_filter/decimation.c):        incoef5_var[x] = incoef5[x];
W_BT8766: Removed unreferenced assignment to variable 'incoef5_var_a08'.
 [Action] Remove the assignment.
	[Source Lines]
	130(../../../../Documents/benchmarks/decimation_filter/decimation.c):        incoef5_var[x] = incoef5[x];
W_BT8766: Removed unreferenced assignment to variable 'incoef5_var_a09'.
 [Action] Remove the assignment.
	[Source Lines]
	130(../../../../Documents/benchmarks/decimation_filter/decimation.c):        incoef5_var[x] = incoef5[x];
W_BT8766: Removed unreferenced assignment to variable 'incoef5_var_a10'.
 [Action] Remove the assignment.
	[Source Lines]
	130(../../../../Documents/benchmarks/decimation_filter/decimation.c):        incoef5_var[x] = incoef5[x];
W_BT8766: Removed unreferenced assignment to variable 'incoef5_var_a11'.
 [Action] Remove the assignment.
	[Source Lines]
	130(../../../../Documents/benchmarks/decimation_filter/decimation.c):        incoef5_var[x] = incoef5[x];
W_BT8766: Removed unreferenced assignment to variable 'SoP1'.
 [Action] Remove the assignment.
	[Source Lines]
	149(../../../../Documents/benchmarks/decimation_filter/decimation.c):   SoP1 = 0;
W_BT8766: Removed unreferenced assignment to variable 'stage_1'.
 [Action] Remove the assignment.
	[Source Lines]
	163(../../../../Documents/benchmarks/decimation_filter/decimation.c):   stage_1 = SoP1;
W_BT8766: Removed unreferenced assignment to variable 'bufferline_2_2_a01'.
 [Action] Remove the assignment.
	[Source Lines]
	182(../../../../Documents/benchmarks/decimation_filter/decimation.c):     bufferline_2[x] = bufferline_2[x-1];
W_BT8766: Removed unreferenced assignment to variable 'bufferline_2_1_a01'.
 [Action] Remove the assignment.
	[Source Lines]
	182(../../../../Documents/benchmarks/decimation_filter/decimation.c):     bufferline_2[x] = bufferline_2[x-1];
W_BT8766: Removed unreferenced assignment to variable 'bufferline_2_0_a01'.
 [Action] Remove the assignment.
	[Source Lines]
	182(../../../../Documents/benchmarks/decimation_filter/decimation.c):     bufferline_2[x] = bufferline_2[x-1];
W_BT8766: Removed unreferenced assignment to variable 'bufferline_2_3_a00'.
 [Action] Remove the assignment.
	[Source Lines]
	182(../../../../Documents/benchmarks/decimation_filter/decimation.c):     bufferline_2[x] = bufferline_2[x-1];
W_BT8766: Removed unreferenced assignment to variable 'bufferline_2_2_a00'.
 [Action] Remove the assignment.
	[Source Lines]
	182(../../../../Documents/benchmarks/decimation_filter/decimation.c):     bufferline_2[x] = bufferline_2[x-1];
W_BT8766: Removed unreferenced assignment to variable 'bufferline_2_1_a00'.
 [Action] Remove the assignment.
	[Source Lines]
	182(../../../../Documents/benchmarks/decimation_filter/decimation.c):     bufferline_2[x] = bufferline_2[x-1];
W_BT8766: Removed unreferenced assignment to variable 'bufferline_3_a06'.
 [Action] Remove the assignment.
	[Source Lines]
	222(../../../../Documents/benchmarks/decimation_filter/decimation.c):     bufferline_3[x] = bufferline_3[x-1];
W_BT8766: Removed unreferenced assignment to variable 'bufferline_3_a05'.
 [Action] Remove the assignment.
	[Source Lines]
	222(../../../../Documents/benchmarks/decimation_filter/decimation.c):     bufferline_3[x] = bufferline_3[x-1];
W_BT8766: Removed unreferenced assignment to variable 'bufferline_3_a04'.
 [Action] Remove the assignment.
	[Source Lines]
	222(../../../../Documents/benchmarks/decimation_filter/decimation.c):     bufferline_3[x] = bufferline_3[x-1];
W_BT8766: Removed unreferenced assignment to variable 'bufferline_3_a03'.
 [Action] Remove the assignment.
	[Source Lines]
	222(../../../../Documents/benchmarks/decimation_filter/decimation.c):     bufferline_3[x] = bufferline_3[x-1];
W_BT8766: Removed unreferenced assignment to variable 'bufferline_3_a02'.
 [Action] Remove the assignment.
	[Source Lines]
	222(../../../../Documents/benchmarks/decimation_filter/decimation.c):     bufferline_3[x] = bufferline_3[x-1];
W_BT8766: Removed unreferenced assignment to variable 'bufferline_3_a01'.
 [Action] Remove the assignment.
	[Source Lines]
	222(../../../../Documents/benchmarks/decimation_filter/decimation.c):     bufferline_3[x] = bufferline_3[x-1];
W_BT8766: Removed unreferenced assignment to variable 'bufferline_4_a10'.
 [Action] Remove the assignment.
	[Source Lines]
	260(../../../../Documents/benchmarks/decimation_filter/decimation.c):    bufferline_4[x] = bufferline_4[x-1];
W_BT8766: Removed unreferenced assignment to variable 'bufferline_4_a09'.
 [Action] Remove the assignment.
	[Source Lines]
	260(../../../../Documents/benchmarks/decimation_filter/decimation.c):    bufferline_4[x] = bufferline_4[x-1];
W_BT8766: Removed unreferenced assignment to variable 'bufferline_4_a08'.
 [Action] Remove the assignment.
	[Source Lines]
	260(../../../../Documents/benchmarks/decimation_filter/decimation.c):    bufferline_4[x] = bufferline_4[x-1];
W_BT8766: Removed unreferenced assignment to variable 'bufferline_4_a07'.
 [Action] Remove the assignment.
	[Source Lines]
	260(../../../../Documents/benchmarks/decimation_filter/decimation.c):    bufferline_4[x] = bufferline_4[x-1];
W_BT8766: Removed unreferenced assignment to variable 'bufferline_4_a06'.
 [Action] Remove the assignment.
	[Source Lines]
	260(../../../../Documents/benchmarks/decimation_filter/decimation.c):    bufferline_4[x] = bufferline_4[x-1];
W_BT8766: Removed unreferenced assignment to variable 'bufferline_4_a05'.
 [Action] Remove the assignment.
	[Source Lines]
	260(../../../../Documents/benchmarks/decimation_filter/decimation.c):    bufferline_4[x] = bufferline_4[x-1];
W_BT8766: Removed unreferenced assignment to variable 'bufferline_4_a04'.
 [Action] Remove the assignment.
	[Source Lines]
	260(../../../../Documents/benchmarks/decimation_filter/decimation.c):    bufferline_4[x] = bufferline_4[x-1];
W_BT8766: Removed unreferenced assignment to variable 'bufferline_4_a03'.
 [Action] Remove the assignment.
	[Source Lines]
	260(../../../../Documents/benchmarks/decimation_filter/decimation.c):    bufferline_4[x] = bufferline_4[x-1];
W_BT8766: Removed unreferenced assignment to variable 'bufferline_4_a02'.
 [Action] Remove the assignment.
	[Source Lines]
	260(../../../../Documents/benchmarks/decimation_filter/decimation.c):    bufferline_4[x] = bufferline_4[x-1];
W_BT8766: Removed unreferenced assignment to variable 'bufferline_4_a01'.
 [Action] Remove the assignment.
	[Source Lines]
	260(../../../../Documents/benchmarks/decimation_filter/decimation.c):    bufferline_4[x] = bufferline_4[x-1];
W_BT8766: Removed unreferenced assignment to variable 'bufferline_5_a23'.
 [Action] Remove the assignment.
	[Source Lines]
	299(../../../../Documents/benchmarks/decimation_filter/decimation.c):    bufferline_5[x] = bufferline_5[x-1];
W_BT8766: Removed unreferenced assignment to variable 'bufferline_5_a22'.
 [Action] Remove the assignment.
	[Source Lines]
	299(../../../../Documents/benchmarks/decimation_filter/decimation.c):    bufferline_5[x] = bufferline_5[x-1];
W_BT8766: Removed unreferenced assignment to variable 'bufferline_5_a21'.
 [Action] Remove the assignment.
	[Source Lines]
	299(../../../../Documents/benchmarks/decimation_filter/decimation.c):    bufferline_5[x] = bufferline_5[x-1];
W_BT8766: Removed unreferenced assignment to variable 'bufferline_5_a20'.
 [Action] Remove the assignment.
	[Source Lines]
	299(../../../../Documents/benchmarks/decimation_filter/decimation.c):    bufferline_5[x] = bufferline_5[x-1];
W_BT8766: Removed unreferenced assignment to variable 'bufferline_5_a19'.
 [Action] Remove the assignment.
	[Source Lines]
	299(../../../../Documents/benchmarks/decimation_filter/decimation.c):    bufferline_5[x] = bufferline_5[x-1];
W_BT8766: Removed unreferenced assignment to variable 'bufferline_5_a18'.
 [Action] Remove the assignment.
	[Source Lines]
	299(../../../../Documents/benchmarks/decimation_filter/decimation.c):    bufferline_5[x] = bufferline_5[x-1];
W_BT8766: Removed unreferenced assignment to variable 'bufferline_5_a17'.
 [Action] Remove the assignment.
	[Source Lines]
	299(../../../../Documents/benchmarks/decimation_filter/decimation.c):    bufferline_5[x] = bufferline_5[x-1];
W_BT8766: Removed unreferenced assignment to variable 'bufferline_5_a16'.
 [Action] Remove the assignment.
	[Source Lines]
	299(../../../../Documents/benchmarks/decimation_filter/decimation.c):    bufferline_5[x] = bufferline_5[x-1];
W_BT8766: Removed unreferenced assignment to variable 'bufferline_5_a15'.
 [Action] Remove the assignment.
	[Source Lines]
	299(../../../../Documents/benchmarks/decimation_filter/decimation.c):    bufferline_5[x] = bufferline_5[x-1];
W_BT8766: Removed unreferenced assignment to variable 'bufferline_5_a14'.
 [Action] Remove the assignment.
	[Source Lines]
	299(../../../../Documents/benchmarks/decimation_filter/decimation.c):    bufferline_5[x] = bufferline_5[x-1];
W_BT8766: Removed unreferenced assignment to variable 'bufferline_5_a13'.
 [Action] Remove the assignment.
	[Source Lines]
	299(../../../../Documents/benchmarks/decimation_filter/decimation.c):    bufferline_5[x] = bufferline_5[x-1];
W_BT8766: Removed unreferenced assignment to variable 'bufferline_5_a12'.
 [Action] Remove the assignment.
	[Source Lines]
	299(../../../../Documents/benchmarks/decimation_filter/decimation.c):    bufferline_5[x] = bufferline_5[x-1];
W_BT8766: Removed unreferenced assignment to variable 'bufferline_5_a11'.
 [Action] Remove the assignment.
	[Source Lines]
	299(../../../../Documents/benchmarks/decimation_filter/decimation.c):    bufferline_5[x] = bufferline_5[x-1];
W_BT8766: Removed unreferenced assignment to variable 'bufferline_5_a10'.
 [Action] Remove the assignment.
	[Source Lines]
	299(../../../../Documents/benchmarks/decimation_filter/decimation.c):    bufferline_5[x] = bufferline_5[x-1];
W_BT8766: Removed unreferenced assignment to variable 'bufferline_5_a09'.
 [Action] Remove the assignment.
	[Source Lines]
	299(../../../../Documents/benchmarks/decimation_filter/decimation.c):    bufferline_5[x] = bufferline_5[x-1];
W_BT8766: Removed unreferenced assignment to variable 'bufferline_5_a08'.
 [Action] Remove the assignment.
	[Source Lines]
	299(../../../../Documents/benchmarks/decimation_filter/decimation.c):    bufferline_5[x] = bufferline_5[x-1];
W_BT8766: Removed unreferenced assignment to variable 'bufferline_5_a07'.
 [Action] Remove the assignment.
	[Source Lines]
	299(../../../../Documents/benchmarks/decimation_filter/decimation.c):    bufferline_5[x] = bufferline_5[x-1];
W_BT8766: Removed unreferenced assignment to variable 'bufferline_5_a06'.
 [Action] Remove the assignment.
	[Source Lines]
	299(../../../../Documents/benchmarks/decimation_filter/decimation.c):    bufferline_5[x] = bufferline_5[x-1];
W_BT8766: Removed unreferenced assignment to variable 'bufferline_5_a05'.
 [Action] Remove the assignment.
	[Source Lines]
	299(../../../../Documents/benchmarks/decimation_filter/decimation.c):    bufferline_5[x] = bufferline_5[x-1];
W_BT8766: Removed unreferenced assignment to variable 'bufferline_5_a04'.
 [Action] Remove the assignment.
	[Source Lines]
	299(../../../../Documents/benchmarks/decimation_filter/decimation.c):    bufferline_5[x] = bufferline_5[x-1];
W_BT8766: Removed unreferenced assignment to variable 'bufferline_5_a03'.
 [Action] Remove the assignment.
	[Source Lines]
	299(../../../../Documents/benchmarks/decimation_filter/decimation.c):    bufferline_5[x] = bufferline_5[x-1];
W_BT8766: Removed unreferenced assignment to variable 'bufferline_5_a02'.
 [Action] Remove the assignment.
	[Source Lines]
	299(../../../../Documents/benchmarks/decimation_filter/decimation.c):    bufferline_5[x] = bufferline_5[x-1];
W_BT8766: Removed unreferenced assignment to variable 'bufferline_5_a01'.
 [Action] Remove the assignment.
	[Source Lines]
	299(../../../../Documents/benchmarks/decimation_filter/decimation.c):    bufferline_5[x] = bufferline_5[x-1];
W_BT8766: Removed unreferenced assignment to variable 'SoP1'.
 [Action] Remove the assignment.
	[Source Lines]
	160(../../../../Documents/benchmarks/decimation_filter/decimation.c):    SoP1 = SoP1 + (bufferline_1[x]+buffer_1 )*incoef1_var[x];
W_BT8766: Removed unreferenced assignment to variable 'SoP1'.
 [Action] Remove the assignment.
	[Source Lines]
	160(../../../../Documents/benchmarks/decimation_filter/decimation.c):    SoP1 = SoP1 + (bufferline_1[x]+buffer_1 )*incoef1_var[x];
W_BT8766: Removed unreferenced assignment to variable 'buffer_1'.
 [Action] Remove the assignment.
	[Source Lines]
	155(../../../../Documents/benchmarks/decimation_filter/decimation.c):       buffer_1 = 0;
W_BT8766: Removed unreferenced assignment to variable 'buffer_1'.
 [Action] Remove the assignment.
	[Source Lines]
	157(../../../../Documents/benchmarks/decimation_filter/decimation.c):       buffer_1 = bufferline_1[ BUFFER_SIZE_STAGE1-1 - x];
W_BT8766: Removed unreferenced assignment to variable 'buffer_1'.
 [Action] Remove the assignment.
	[Source Lines]
	155(../../../../Documents/benchmarks/decimation_filter/decimation.c):       buffer_1 = 0;
W_BT8766: Removed unreferenced assignment to variable 'buffer_1'.
 [Action] Remove the assignment.
	[Source Lines]
	157(../../../../Documents/benchmarks/decimation_filter/decimation.c):       buffer_1 = bufferline_1[ BUFFER_SIZE_STAGE1-1 - x];
W_BT8767: Below-mentioned non-referencing operations (=) need to be deleted (ID:368).
 [Action] If possible, rewrite as description not having non-referencing operation.
	[Source Lines]
	157(../../../../Documents/benchmarks/decimation_filter/decimation.c):       buffer_1 = bufferline_1[ BUFFER_SIZE_STAGE1-1 - x];
W_BT8767: Below-mentioned non-referencing operations (=) need to be deleted (ID:301).
 [Action] If possible, rewrite as description not having non-referencing operation.
	[Source Lines]
	157(../../../../Documents/benchmarks/decimation_filter/decimation.c):       buffer_1 = bufferline_1[ BUFFER_SIZE_STAGE1-1 - x];
W_BT8767: Below-mentioned non-referencing operations (==) need to be deleted (ID:349).
 [Action] If possible, rewrite as description not having non-referencing operation.
	[Source Lines]
	154(../../../../Documents/benchmarks/decimation_filter/decimation.c):     if( x == TAPS_STAGE1-1 )
W_BT8767: Below-mentioned non-referencing operations (==) need to be deleted (ID:280).
 [Action] If possible, rewrite as description not having non-referencing operation.
	[Source Lines]
	154(../../../../Documents/benchmarks/decimation_filter/decimation.c):     if( x == TAPS_STAGE1-1 )
W_BT8775: Unusable input signal(incoef1_a00) exists.
	[Source Lines]
	114(../../../../Documents/benchmarks/decimation_filter/decimation.c):        incoef1_var[x] = incoef1[x];
W_BT8775: Unusable input signal(incoef1_a02) exists.
	[Source Lines]
	114(../../../../Documents/benchmarks/decimation_filter/decimation.c):        incoef1_var[x] = incoef1[x];
W_BT8775: Unusable input signal(incoef1_a01) exists.
	[Source Lines]
	114(../../../../Documents/benchmarks/decimation_filter/decimation.c):        incoef1_var[x] = incoef1[x];
W_BT8775: Unusable input signal(incoef1_a03) exists.
	[Source Lines]
	114(../../../../Documents/benchmarks/decimation_filter/decimation.c):        incoef1_var[x] = incoef1[x];
W_BT8775: Unusable input signal(load_coeff) exists.
	[Source Lines]
	107(../../../../Documents/benchmarks/decimation_filter/decimation.c):  load_coeff_in = load_coeff;
I_BT4393: No memory required. Empty memory library file (decimation-auto.MLIB) generated.
 [Action] Change type of array to 'mem' if required.
          <OR> Specify appropriate "-a*" or "-ap*" options.
I_BT4394: No memory required. Empty memory constraint file (decimation-auto.MCNT) generated.
 [Action] Change type of array to 'mem' if required.
          <OR> Specify appropriate "-a*" or "-ap*" options.
I_BT4383: Generate memory library file / memory constraint file.
	decimation-auto.MLIB
	decimation-auto.MCNT
I_BT4392: No arithmetic macro functional unit required.
I_BT4398: The empty FLIB file generated since additional functional units are not required.
I_BT4319: Empty FLIB file (decimation-amacro-auto.FLIB) generated. No functional units required.
 [Action] If required, confirm the description.
I_BT4318: Empty FCNT file (decimation-amacro-auto.FCNT) generated. No functional units required.
 [Action] If required, confirm the description.
I_BT4382: Generate functional unit library files / functional unit constraint files.
	decimation-auto.FLIB
	decimation-auto.FCNT
	decimation-amacro-auto.FLIB
	decimation-amacro-auto.FCNT
I_BT4392: No arithmetic macro functional unit required.
I_BT5712: Port load_coeff is not used, but do not delete it.
I_BT5712: Port indata is not used, but do not delete it.
I_BT5712: Port incoef1_a00 is not used, but do not delete it.
I_BT5712: Port incoef1_a01 is not used, but do not delete it.
I_BT5712: Port incoef1_a02 is not used, but do not delete it.
I_BT5712: Port incoef1_a03 is not used, but do not delete it.
I_BT5712: Port incoef2_a00 is not used, but do not delete it.
I_BT5712: Port incoef2_a01 is not used, but do not delete it.
I_BT5712: Port incoef2_a02 is not used, but do not delete it.
I_BT5712: Port incoef2_a03 is not used, but do not delete it.
I_BT5712: Port incoef3_a00 is not used, but do not delete it.
I_BT5712: Port incoef3_a01 is not used, but do not delete it.
I_BT5712: Port incoef3_a02 is not used, but do not delete it.
I_BT5712: Port incoef3_a03 is not used, but do not delete it.
I_BT5712: Port incoef4_a00 is not used, but do not delete it.
I_BT5712: Port incoef4_a01 is not used, but do not delete it.
I_BT5712: Port incoef4_a02 is not used, but do not delete it.
I_BT5712: Port incoef4_a03 is not used, but do not delete it.
I_BT5712: Port incoef4_a04 is not used, but do not delete it.
I_BT5712: Port incoef4_a05 is not used, but do not delete it.
I_BT5712: Port incoef5_a00 is not used, but do not delete it.
I_BT5712: Port incoef5_a01 is not used, but do not delete it.
I_BT5712: Port incoef5_a02 is not used, but do not delete it.
I_BT5712: Port incoef5_a03 is not used, but do not delete it.
I_BT5712: Port incoef5_a04 is not used, but do not delete it.
I_BT5712: Port incoef5_a05 is not used, but do not delete it.
I_BT5712: Port incoef5_a06 is not used, but do not delete it.
I_BT5712: Port incoef5_a07 is not used, but do not delete it.
I_BT5712: Port incoef5_a08 is not used, but do not delete it.
I_BT5712: Port incoef5_a09 is not used, but do not delete it.
I_BT5712: Port incoef5_a10 is not used, but do not delete it.
I_BT5712: Port incoef5_a11 is not used, but do not delete it.
I_BT1190: The following ERROR/WARNING/INFO/TIPS exist.
	102 warning      exist
	77 information  exist
	 1 tips         exist
	---> SEE decimation.err FILE and decimation.tips FILE for DETAILS
