I_BT1173: LOG file is generated. (interpolation.LOG.gz)
I_BT1921: License has been successfully obtained by FLEXlm.
I_BT2619: Synthesize in ASIC mode.
I_BT6773: The BLIB and FLIB files are loaded.
	/proj/cad/cwb-6.1/packages/asic_45.BLIB
	/proj/cad/cwb-6.1/packages/asic_45.FLIB
I_BT4146: All signals are synthesized as descending bit-order because all declared signals are of descending bit-order.
I_BT4874: for loop is unrolled at every 4 iterations
	[Source Lines]
	93(../benchmarks/interpolation_filter/interpolation.c):     for ( n = 5; n>0; n--)
I_BT4874: for loop is unrolled at every 4 iterations
	[Source Lines]
	101(../benchmarks/interpolation_filter/interpolation.c):       for (n = 0; n < TAPS; n++ ) 
I_BT4874: for loop is unrolled at every 4 iterations
	[Source Lines]
	107(../benchmarks/interpolation_filter/interpolation.c):       for (n = 0; n < TAPS; n++ ) 
I_BT4874: for loop is unrolled at every 4 iterations
	[Source Lines]
	113(../benchmarks/interpolation_filter/interpolation.c):       for ( n = 0; n < TAPS; n++ ) 
I_BT4874: for loop is unrolled at every 4 iterations
	[Source Lines]
	119(../benchmarks/interpolation_filter/interpolation.c):       for (n = 0; n < TAPS; n++ ) 
I_BT4945: The loop of the same structure was merged.
	[Source Lines]
	113(../benchmarks/interpolation_filter/interpolation.c):       for ( n = 0; n < TAPS; n++ ) 
	119(../benchmarks/interpolation_filter/interpolation.c):       for (n = 0; n < TAPS; n++ ) 
I_BT4945: The loop of the same structure was merged.
	[Source Lines]
	107(../benchmarks/interpolation_filter/interpolation.c):       for (n = 0; n < TAPS; n++ ) 
	113(../benchmarks/interpolation_filter/interpolation.c):       for ( n = 0; n < TAPS; n++ ) 
	119(../benchmarks/interpolation_filter/interpolation.c):       for (n = 0; n < TAPS; n++ ) 
I_BT4945: The loop of the same structure was merged.
	[Source Lines]
	101(../benchmarks/interpolation_filter/interpolation.c):       for (n = 0; n < TAPS; n++ ) 
	107(../benchmarks/interpolation_filter/interpolation.c):       for (n = 0; n < TAPS; n++ ) 
	113(../benchmarks/interpolation_filter/interpolation.c):       for ( n = 0; n < TAPS; n++ ) 
	119(../benchmarks/interpolation_filter/interpolation.c):       for (n = 0; n < TAPS; n++ ) 
I_BT4121: Array coeff1_0 is synthesized as a combinational circuit.
I_BT4121: Array coeff1_1 is synthesized as a combinational circuit.
I_BT4121: Array coeff1_2 is synthesized as a combinational circuit.
I_BT4121: Array coeff1_3 is synthesized as a combinational circuit.
I_BT4121: Array coeff2_0 is synthesized as a combinational circuit.
I_BT4121: Array coeff2_1 is synthesized as a combinational circuit.
I_BT4121: Array coeff2_2 is synthesized as a combinational circuit.
I_BT4121: Array coeff2_3 is synthesized as a combinational circuit.
I_BT4121: Array coeff3_0 is synthesized as a combinational circuit.
I_BT4121: Array coeff3_1 is synthesized as a combinational circuit.
I_BT4121: Array coeff3_2 is synthesized as a combinational circuit.
I_BT4121: Array coeff3_3 is synthesized as a combinational circuit.
I_BT4121: Array coeff4_0 is synthesized as a combinational circuit.
I_BT4121: Array coeff4_1 is synthesized as a combinational circuit.
I_BT4121: Array coeff4_2 is synthesized as a combinational circuit.
I_BT4121: Array coeff4_3 is synthesized as a combinational circuit.
I_BT5514: 4 address decoders (R3,W1) to access to array signal 'buffer_0'.
	[Source Lines]
	32(../benchmarks/interpolation_filter/interpolation.c):   var(15..0) buffer[TAPS] ;
I_BT5514: 3 address decoders (R2,W1) to access to array signal 'buffer_1'.
	[Source Lines]
	32(../benchmarks/interpolation_filter/interpolation.c):   var(15..0) buffer[TAPS] ;
I_BT5514: 3 address decoders (R2,W1) to access to array signal 'buffer_2'.
	[Source Lines]
	32(../benchmarks/interpolation_filter/interpolation.c):   var(15..0) buffer[TAPS] ;
I_BT5514: 3 address decoders (R2,W1) to access to array signal 'buffer_3'.
	[Source Lines]
	32(../benchmarks/interpolation_filter/interpolation.c):   var(15..0) buffer[TAPS] ;
I_BT8371: Height of operation tree has been reduced.
	[Source Lines]
	114(../benchmarks/interpolation_filter/interpolation.c): 	SoP3 = SoP3 + buffer[n] * coeff3[n];
I_BT8371: Height of operation tree has been reduced.
	[Source Lines]
	108(../benchmarks/interpolation_filter/interpolation.c): 	SoP2 =SoP2 + buffer[n] * coeff2[n];
I_BT8371: Height of operation tree has been reduced.
	[Source Lines]
	120(../benchmarks/interpolation_filter/interpolation.c): 	SoP4 = SoP4 + buffer[n] * coeff4[n];
I_BT8371: Height of operation tree has been reduced.
	[Source Lines]
	102(../benchmarks/interpolation_filter/interpolation.c): 	SoP1 = SoP1 + buffer[n] * coeff1[n];
I_BT8371: Height of operation tree has been reduced.
	[Source Lines]
	124(../benchmarks/interpolation_filter/interpolation.c):    odata_write = SoP1 +
	125(../benchmarks/interpolation_filter/interpolation.c):                SoP2 * infactor_read +
	126(../benchmarks/interpolation_filter/interpolation.c):                SoP3 * infactor_read*infactor_read + 
	127(../benchmarks/interpolation_filter/interpolation.c):                SoP4 * infactor_read*infactor*infactor_read;
I_BT8371: Height of operation tree has been reduced.
	[Source Lines]
	124(../benchmarks/interpolation_filter/interpolation.c):    odata_write = SoP1 +
	125(../benchmarks/interpolation_filter/interpolation.c):                SoP2 * infactor_read +
	126(../benchmarks/interpolation_filter/interpolation.c):                SoP3 * infactor_read*infactor_read + 
	127(../benchmarks/interpolation_filter/interpolation.c):                SoP4 * infactor_read*infactor*infactor_read;
I_BT8371: Height of operation tree has been reduced.
	[Source Lines]
	124(../benchmarks/interpolation_filter/interpolation.c):    odata_write = SoP1 +
	125(../benchmarks/interpolation_filter/interpolation.c):                SoP2 * infactor_read +
	126(../benchmarks/interpolation_filter/interpolation.c):                SoP3 * infactor_read*infactor_read + 
	127(../benchmarks/interpolation_filter/interpolation.c):                SoP4 * infactor_read*infactor*infactor_read;
I_BT4393: No memory required. Empty memory library file (interpolation-auto.MLIB) generated.
 [Action] Change type of array to 'mem' if required.
          <OR> Specify appropriate "-a*" or "-ap*" options.
I_BT4394: No memory required. Empty memory constraint file (interpolation-auto.MCNT) generated.
 [Action] Change type of array to 'mem' if required.
          <OR> Specify appropriate "-a*" or "-ap*" options.
I_BT4383: Generate memory library file / memory constraint file.
	interpolation-auto.MLIB
	interpolation-auto.MCNT
I_BT4395: 16 functional units templates are generated.
I_BT4392: No arithmetic macro functional unit required.
I_BT4319: Empty FLIB file (interpolation-amacro-auto.FLIB) generated. No functional units required.
 [Action] If required, confirm the description.
I_BT4318: Empty FCNT file (interpolation-amacro-auto.FCNT) generated. No functional units required.
 [Action] If required, confirm the description.
I_BT4382: Generate functional unit library files / functional unit constraint files.
	interpolation-auto.FLIB
	interpolation-auto.FCNT
	interpolation-amacro-auto.FLIB
	interpolation-amacro-auto.FCNT
I_BT4392: No arithmetic macro functional unit required.
I_BT1190: The following ERROR/WARNING/INFO/TIPS exist.
	49 information  exist
	---> SEE interpolation.err FILE for DETAILS
